<?xml version="1.0" encoding="UTF-8"?>
<!-- Generated by org.testng.reporters.JUnitReportReporter -->
<testsuite hostname="LAPTOP-QKCURUKN" failures="0" tests="1" name="saurabhkumbhar.GroceryTrackerAdminPanel.Login" time="26.151" errors="0" timestamp="2024-08-30T17:29:57 IST" skipped="0">
  <testcase classname="saurabhkumbhar.GroceryTrackerAdminPanel.Login" name="LoginWithInvalidDetails" time="26.151"/>
</testsuite> <!-- saurabhkumbhar.GroceryTrackerAdminPanel.Login -->
