<?xml version="1.0" encoding="UTF-8"?>
<!-- Generated by org.testng.reporters.JUnitReportReporter -->
<testsuite hostname="LAPTOP-QKCURUKN" failures="0" tests="1" name="saurabhkumbhar.GroceryTrackerAdminPanel.Login" time="7.923" errors="0" timestamp="2024-08-28T16:24:31 IST" skipped="0">
  <testcase classname="saurabhkumbhar.GroceryTrackerAdminPanel.Login" name="Loginpagedisplay" time="7.923"/>
</testsuite> <!-- saurabhkumbhar.GroceryTrackerAdminPanel.Login -->
