<?xml version="1.0" encoding="UTF-8"?>
<!-- Generated by org.testng.reporters.JUnitReportReporter -->
<testsuite hostname="LAPTOP-QKCURUKN" failures="0" tests="44" name="saurabhkumbhar.GroceryTrackerAdminPanel.User" time="34.190" errors="2" timestamp="2024-08-29T14:41:42 IST" skipped="37">
  <testcase classname="saurabhkumbhar.GroceryTrackerAdminPanel.User" name="teardown" time="3.631">
    <error message="disconnected: not connected to DevTools
  (failed to check if window was closed: disconnected: not connected to DevTools)
  (Session info: chrome=128.0.6613.86)
Build info: version: &#039;3.141.59&#039;, revision: &#039;e82be7d358&#039;, time: &#039;2018-11-14T08:25:53&#039;
System info: host: &#039;LAPTOP-QKCURUKN&#039;, ip: &#039;192.168.1.10&#039;, os.name: &#039;Windows 11&#039;, os.arch: &#039;amd64&#039;, os.version: &#039;10.0&#039;, java.version: &#039;21.0.2&#039;
Driver info: org.openqa.selenium.chrome.ChromeDriver
Capabilities {acceptInsecureCerts: false, browserName: chrome, browserVersion: 128.0.6613.86, chrome: {chromedriverVersion: 127.0.6533.99 (f31af5097d90..., userDataDir: C:\Users\SAURABH\AppData\Lo...}, fedcm:accounts: true, goog:chromeOptions: {debuggerAddress: localhost:55882}, javascriptEnabled: true, networkConnectionEnabled: false, pageLoadStrategy: normal, platform: WINDOWS, platformName: WINDOWS, proxy: Proxy(), setWindowRect: true, strictFileInteractability: false, timeouts: {implicit: 0, pageLoad: 300000, script: 30000}, unhandledPromptBehavior: dismiss and notify, webauthn:extension:credBlob: true, webauthn:extension:largeBlob: true, webauthn:extension:minPinLength: true, webauthn:extension:prf: true, webauthn:virtualAuthenticators: true}
Session ID: 4ea65e2da98f535271d3601e910038b8" type="org.openqa.selenium.WebDriverException">
      <![CDATA[org.openqa.selenium.WebDriverException: disconnected: not connected to DevTools
  (failed to check if window was closed: disconnected: not connected to DevTools)
  (Session info: chrome=128.0.6613.86)
Build info: version: '3.141.59', revision: 'e82be7d358', time: '2018-11-14T08:25:53'
System info: host: 'LAPTOP-QKCURUKN', ip: '192.168.1.10', os.name: 'Windows 11', os.arch: 'amd64', os.version: '10.0', java.version: '21.0.2'
Driver info: org.openqa.selenium.chrome.ChromeDriver
Capabilities {acceptInsecureCerts: false, browserName: chrome, browserVersion: 128.0.6613.86, chrome: {chromedriverVersion: 127.0.6533.99 (f31af5097d90..., userDataDir: C:\Users\SAURABH\AppData\Lo...}, fedcm:accounts: true, goog:chromeOptions: {debuggerAddress: localhost:55882}, javascriptEnabled: true, networkConnectionEnabled: false, pageLoadStrategy: normal, platform: WINDOWS, platformName: WINDOWS, proxy: Proxy(), setWindowRect: true, strictFileInteractability: false, timeouts: {implicit: 0, pageLoad: 300000, script: 30000}, unhandledPromptBehavior: dismiss and notify, webauthn:extension:credBlob: true, webauthn:extension:largeBlob: true, webauthn:extension:minPinLength: true, webauthn:extension:prf: true, webauthn:virtualAuthenticators: true}
Session ID: 4ea65e2da98f535271d3601e910038b8
at java.base/jdk.internal.reflect.DirectConstructorHandleAccessor.newInstance(DirectConstructorHandleAccessor.java:62)
at java.base/java.lang.reflect.Constructor.newInstanceWithCaller(Constructor.java:502)
at java.base/java.lang.reflect.Constructor.newInstance(Constructor.java:486)
at org.openqa.selenium.remote.http.W3CHttpResponseCodec.createException(W3CHttpResponseCodec.java:187)
at org.openqa.selenium.remote.http.W3CHttpResponseCodec.decode(W3CHttpResponseCodec.java:122)
at org.openqa.selenium.remote.http.W3CHttpResponseCodec.decode(W3CHttpResponseCodec.java:49)
at org.openqa.selenium.remote.HttpCommandExecutor.execute(HttpCommandExecutor.java:158)
at org.openqa.selenium.remote.service.DriverCommandExecutor.execute(DriverCommandExecutor.java:83)
at org.openqa.selenium.remote.RemoteWebDriver.execute(RemoteWebDriver.java:552)
at org.openqa.selenium.remote.RemoteWebDriver.execute(RemoteWebDriver.java:609)
at org.openqa.selenium.remote.RemoteWebDriver.close(RemoteWebDriver.java:442)
at saurabhkumbhar.GroceryTrackerAdminPanel.User.teardown(User.java:47)
at java.base/jdk.internal.reflect.DirectMethodHandleAccessor.invoke(DirectMethodHandleAccessor.java:103)
at java.base/java.lang.reflect.Method.invoke(Method.java:580)
at org.testng.internal.invokers.MethodInvocationHelper.invokeMethod(MethodInvocationHelper.java:139)
at org.testng.internal.invokers.MethodInvocationHelper.invokeMethodConsideringTimeout(MethodInvocationHelper.java:69)
at org.testng.internal.invokers.ConfigInvoker.invokeConfigurationMethod(ConfigInvoker.java:390)
at org.testng.internal.invokers.ConfigInvoker.invokeConfigurations(ConfigInvoker.java:325)
at org.testng.internal.invokers.TestInvoker.runConfigMethods(TestInvoker.java:810)
at org.testng.internal.invokers.TestInvoker.runAfterConfigurations(TestInvoker.java:779)
at org.testng.internal.invokers.TestInvoker.invokeMethod(TestInvoker.java:755)
at org.testng.internal.invokers.TestInvoker.invokeTestMethod(TestInvoker.java:227)
at org.testng.internal.invokers.MethodRunner.runInSequence(MethodRunner.java:50)
at org.testng.internal.invokers.TestInvoker$MethodInvocationAgent.invoke(TestInvoker.java:957)
at org.testng.internal.invokers.TestInvoker.invokeTestMethods(TestInvoker.java:200)
at org.testng.internal.invokers.TestMethodWorker.invokeTestMethods(TestMethodWorker.java:148)
at org.testng.internal.invokers.TestMethodWorker.run(TestMethodWorker.java:128)
at java.base/java.util.ArrayList.forEach(ArrayList.java:1596)
at org.testng.TestRunner.privateRun(TestRunner.java:848)
at org.testng.TestRunner.run(TestRunner.java:621)
at org.testng.SuiteRunner.runTest(SuiteRunner.java:443)
at org.testng.SuiteRunner.runSequentially(SuiteRunner.java:437)
at org.testng.SuiteRunner.privateRun(SuiteRunner.java:397)
at org.testng.SuiteRunner.run(SuiteRunner.java:336)
at org.testng.SuiteRunnerWorker.runSuite(SuiteRunnerWorker.java:52)
at org.testng.SuiteRunnerWorker.run(SuiteRunnerWorker.java:95)
at org.testng.TestNG.runSuitesSequentially(TestNG.java:1280)
at org.testng.TestNG.runSuitesLocally(TestNG.java:1200)
at org.testng.TestNG.runSuites(TestNG.java:1114)
at org.testng.TestNG.run(TestNG.java:1082)
at org.testng.remote.AbstractRemoteTestNG.run(AbstractRemoteTestNG.java:115)
at org.testng.remote.RemoteTestNG.initAndRun(RemoteTestNG.java:293)
at org.testng.remote.RemoteTestNG.main(RemoteTestNG.java:91)
]]>
    </error>
  </testcase> <!-- teardown -->
  <testcase classname="saurabhkumbhar.GroceryTrackerAdminPanel.User" name="testUserButtonIsDisplayed" time="5.958"/>
  <testcase classname="saurabhkumbhar.GroceryTrackerAdminPanel.User" name="testUserButtonText" time="4.922"/>
  <testcase classname="saurabhkumbhar.GroceryTrackerAdminPanel.User" name="testUserButtonFontWeight" time="3.699"/>
  <testcase classname="saurabhkumbhar.GroceryTrackerAdminPanel.User" name="testUserButtonClick" time="11.414"/>
  <testcase classname="saurabhkumbhar.GroceryTrackerAdminPanel.User" name="testSearchInputPresence" time="4.532"/>
  <testcase classname="saurabhkumbhar.GroceryTrackerAdminPanel.User" name="testSearchInputPlaceholder" time="0.030">
    <error message="no such window: target window already closed
from unknown error: web view not found
  (Session info: chrome=128.0.6613.86)
Build info: version: &#039;3.141.59&#039;, revision: &#039;e82be7d358&#039;, time: &#039;2018-11-14T08:25:53&#039;
System info: host: &#039;LAPTOP-QKCURUKN&#039;, ip: &#039;192.168.1.10&#039;, os.name: &#039;Windows 11&#039;, os.arch: &#039;amd64&#039;, os.version: &#039;10.0&#039;, java.version: &#039;21.0.2&#039;
Driver info: org.openqa.selenium.chrome.ChromeDriver
Capabilities {acceptInsecureCerts: false, browserName: chrome, browserVersion: 128.0.6613.86, chrome: {chromedriverVersion: 127.0.6533.99 (f31af5097d90..., userDataDir: C:\Users\SAURABH\AppData\Lo...}, fedcm:accounts: true, goog:chromeOptions: {debuggerAddress: localhost:55882}, javascriptEnabled: true, networkConnectionEnabled: false, pageLoadStrategy: normal, platform: WINDOWS, platformName: WINDOWS, proxy: Proxy(), setWindowRect: true, strictFileInteractability: false, timeouts: {implicit: 0, pageLoad: 300000, script: 30000}, unhandledPromptBehavior: dismiss and notify, webauthn:extension:credBlob: true, webauthn:extension:largeBlob: true, webauthn:extension:minPinLength: true, webauthn:extension:prf: true, webauthn:virtualAuthenticators: true}
Session ID: 4ea65e2da98f535271d3601e910038b8
*** Element info: {Using=css selector, value=input[aria-label=&#039;Search Input&#039;]}" type="org.openqa.selenium.NoSuchWindowException">
      <![CDATA[org.openqa.selenium.NoSuchWindowException: no such window: target window already closed
from unknown error: web view not found
  (Session info: chrome=128.0.6613.86)
Build info: version: '3.141.59', revision: 'e82be7d358', time: '2018-11-14T08:25:53'
System info: host: 'LAPTOP-QKCURUKN', ip: '192.168.1.10', os.name: 'Windows 11', os.arch: 'amd64', os.version: '10.0', java.version: '21.0.2'
Driver info: org.openqa.selenium.chrome.ChromeDriver
Capabilities {acceptInsecureCerts: false, browserName: chrome, browserVersion: 128.0.6613.86, chrome: {chromedriverVersion: 127.0.6533.99 (f31af5097d90..., userDataDir: C:\Users\SAURABH\AppData\Lo...}, fedcm:accounts: true, goog:chromeOptions: {debuggerAddress: localhost:55882}, javascriptEnabled: true, networkConnectionEnabled: false, pageLoadStrategy: normal, platform: WINDOWS, platformName: WINDOWS, proxy: Proxy(), setWindowRect: true, strictFileInteractability: false, timeouts: {implicit: 0, pageLoad: 300000, script: 30000}, unhandledPromptBehavior: dismiss and notify, webauthn:extension:credBlob: true, webauthn:extension:largeBlob: true, webauthn:extension:minPinLength: true, webauthn:extension:prf: true, webauthn:virtualAuthenticators: true}
Session ID: 4ea65e2da98f535271d3601e910038b8
*** Element info: {Using=css selector, value=input[aria-label='Search Input']}
at java.base/jdk.internal.reflect.DirectConstructorHandleAccessor.newInstance(DirectConstructorHandleAccessor.java:62)
at java.base/java.lang.reflect.Constructor.newInstanceWithCaller(Constructor.java:502)
at java.base/java.lang.reflect.Constructor.newInstance(Constructor.java:486)
at org.openqa.selenium.remote.http.W3CHttpResponseCodec.createException(W3CHttpResponseCodec.java:187)
at org.openqa.selenium.remote.http.W3CHttpResponseCodec.decode(W3CHttpResponseCodec.java:122)
at org.openqa.selenium.remote.http.W3CHttpResponseCodec.decode(W3CHttpResponseCodec.java:49)
at org.openqa.selenium.remote.HttpCommandExecutor.execute(HttpCommandExecutor.java:158)
at org.openqa.selenium.remote.service.DriverCommandExecutor.execute(DriverCommandExecutor.java:83)
at org.openqa.selenium.remote.RemoteWebDriver.execute(RemoteWebDriver.java:552)
at org.openqa.selenium.remote.RemoteWebDriver.findElement(RemoteWebDriver.java:323)
at org.openqa.selenium.remote.RemoteWebDriver.findElementByCssSelector(RemoteWebDriver.java:420)
at org.openqa.selenium.By$ByCssSelector.findElement(By.java:431)
at org.openqa.selenium.remote.RemoteWebDriver.findElement(RemoteWebDriver.java:315)
at saurabhkumbhar.GroceryTrackerAdminPanel.User.testSearchInputPlaceholder(User.java:85)
at java.base/jdk.internal.reflect.DirectMethodHandleAccessor.invoke(DirectMethodHandleAccessor.java:103)
at java.base/java.lang.reflect.Method.invoke(Method.java:580)
at org.testng.internal.invokers.MethodInvocationHelper.invokeMethod(MethodInvocationHelper.java:139)
at org.testng.internal.invokers.TestInvoker.invokeMethod(TestInvoker.java:664)
at org.testng.internal.invokers.TestInvoker.invokeTestMethod(TestInvoker.java:227)
at org.testng.internal.invokers.MethodRunner.runInSequence(MethodRunner.java:50)
at org.testng.internal.invokers.TestInvoker$MethodInvocationAgent.invoke(TestInvoker.java:957)
at org.testng.internal.invokers.TestInvoker.invokeTestMethods(TestInvoker.java:200)
at org.testng.internal.invokers.TestMethodWorker.invokeTestMethods(TestMethodWorker.java:148)
at org.testng.internal.invokers.TestMethodWorker.run(TestMethodWorker.java:128)
at java.base/java.util.ArrayList.forEach(ArrayList.java:1596)
at org.testng.TestRunner.privateRun(TestRunner.java:848)
at org.testng.TestRunner.run(TestRunner.java:621)
at org.testng.SuiteRunner.runTest(SuiteRunner.java:443)
at org.testng.SuiteRunner.runSequentially(SuiteRunner.java:437)
at org.testng.SuiteRunner.privateRun(SuiteRunner.java:397)
at org.testng.SuiteRunner.run(SuiteRunner.java:336)
at org.testng.SuiteRunnerWorker.runSuite(SuiteRunnerWorker.java:52)
at org.testng.SuiteRunnerWorker.run(SuiteRunnerWorker.java:95)
at org.testng.TestNG.runSuitesSequentially(TestNG.java:1280)
at org.testng.TestNG.runSuitesLocally(TestNG.java:1200)
at org.testng.TestNG.runSuites(TestNG.java:1114)
at org.testng.TestNG.run(TestNG.java:1082)
at org.testng.remote.AbstractRemoteTestNG.run(AbstractRemoteTestNG.java:115)
at org.testng.remote.RemoteTestNG.initAndRun(RemoteTestNG.java:293)
at org.testng.remote.RemoteTestNG.main(RemoteTestNG.java:91)
]]>
    </error>
  </testcase> <!-- testSearchInputPlaceholder -->
  <testcase classname="saurabhkumbhar.GroceryTrackerAdminPanel.User" name="testSearchInputType" time="0.000">
    <skipped/>
  </testcase> <!-- testSearchInputType -->
  <testcase classname="saurabhkumbhar.GroceryTrackerAdminPanel.User" name="testSearchInputCssClass" time="0.000">
    <skipped/>
  </testcase> <!-- testSearchInputCssClass -->
  <testcase classname="saurabhkumbhar.GroceryTrackerAdminPanel.User" name="testSearchInputIsEnabled" time="0.000">
    <skipped/>
  </testcase> <!-- testSearchInputIsEnabled -->
  <testcase classname="saurabhkumbhar.GroceryTrackerAdminPanel.User" name="testSearchInputIsDisplayed" time="0.000">
    <skipped/>
  </testcase> <!-- testSearchInputIsDisplayed -->
  <testcase classname="saurabhkumbhar.GroceryTrackerAdminPanel.User" name="testSearchInputDefaultValue" time="0.000">
    <skipped/>
  </testcase> <!-- testSearchInputDefaultValue -->
  <testcase classname="saurabhkumbhar.GroceryTrackerAdminPanel.User" name="testUserTableIsDisplayed" time="0.000">
    <skipped/>
  </testcase> <!-- testUserTableIsDisplayed -->
  <testcase classname="saurabhkumbhar.GroceryTrackerAdminPanel.User" name="testNumberOfUsersDisplayed" time="0.000">
    <skipped/>
  </testcase> <!-- testNumberOfUsersDisplayed -->
  <testcase classname="saurabhkumbhar.GroceryTrackerAdminPanel.User" name="testUserProfileImageIsDisplayed" time="0.000">
    <skipped/>
  </testcase> <!-- testUserProfileImageIsDisplayed -->
  <testcase classname="saurabhkumbhar.GroceryTrackerAdminPanel.User" name="testUserNameIsCorrect" time="0.000">
    <skipped/>
  </testcase> <!-- testUserNameIsCorrect -->
  <testcase classname="saurabhkumbhar.GroceryTrackerAdminPanel.User" name="testUserEmailIsCorrect" time="0.000">
    <skipped/>
  </testcase> <!-- testUserEmailIsCorrect -->
  <testcase classname="saurabhkumbhar.GroceryTrackerAdminPanel.User" name="testUserAddressIsCorrect" time="0.000">
    <skipped/>
  </testcase> <!-- testUserAddressIsCorrect -->
  <testcase classname="saurabhkumbhar.GroceryTrackerAdminPanel.User" name="testUserMobileNumberIsCorrect" time="0.000">
    <skipped/>
  </testcase> <!-- testUserMobileNumberIsCorrect -->
  <testcase classname="saurabhkumbhar.GroceryTrackerAdminPanel.User" name="testUserSubscriptionStatusIsCorrect" time="0.000">
    <skipped/>
  </testcase> <!-- testUserSubscriptionStatusIsCorrect -->
  <testcase classname="saurabhkumbhar.GroceryTrackerAdminPanel.User" name="testEditButtonIsDisplayed" time="0.000">
    <skipped/>
  </testcase> <!-- testEditButtonIsDisplayed -->
  <testcase classname="saurabhkumbhar.GroceryTrackerAdminPanel.User" name="testDeleteButtonIsDisplayed" time="0.000">
    <skipped/>
  </testcase> <!-- testDeleteButtonIsDisplayed -->
  <testcase classname="saurabhkumbhar.GroceryTrackerAdminPanel.User" name="testProfileImage" time="0.000">
    <skipped/>
  </testcase> <!-- testProfileImage -->
  <testcase classname="saurabhkumbhar.GroceryTrackerAdminPanel.User" name="testUserName" time="0.000">
    <skipped/>
  </testcase> <!-- testUserName -->
  <testcase classname="saurabhkumbhar.GroceryTrackerAdminPanel.User" name="testUserEmail" time="0.000">
    <skipped/>
  </testcase> <!-- testUserEmail -->
  <testcase classname="saurabhkumbhar.GroceryTrackerAdminPanel.User" name="testUserMobileNo" time="0.001">
    <skipped/>
  </testcase> <!-- testUserMobileNo -->
  <testcase classname="saurabhkumbhar.GroceryTrackerAdminPanel.User" name="testUserAddress" time="0.000">
    <skipped/>
  </testcase> <!-- testUserAddress -->
  <testcase classname="saurabhkumbhar.GroceryTrackerAdminPanel.User" name="testUserSubscription" time="0.001">
    <skipped/>
  </testcase> <!-- testUserSubscription -->
  <testcase classname="saurabhkumbhar.GroceryTrackerAdminPanel.User" name="testPlanValidity" time="0.000">
    <skipped/>
  </testcase> <!-- testPlanValidity -->
  <testcase classname="saurabhkumbhar.GroceryTrackerAdminPanel.User" name="testCreatedAt" time="0.001">
    <skipped/>
  </testcase> <!-- testCreatedAt -->
  <testcase classname="saurabhkumbhar.GroceryTrackerAdminPanel.User" name="testLastUpdate" time="0.000">
    <skipped/>
  </testcase> <!-- testLastUpdate -->
  <testcase classname="saurabhkumbhar.GroceryTrackerAdminPanel.User" name="testAge" time="0.000">
    <skipped/>
  </testcase> <!-- testAge -->
  <testcase classname="saurabhkumbhar.GroceryTrackerAdminPanel.User" name="testGender" time="0.000">
    <skipped/>
  </testcase> <!-- testGender -->
  <testcase classname="saurabhkumbhar.GroceryTrackerAdminPanel.User" name="testBudget" time="0.000">
    <skipped/>
  </testcase> <!-- testBudget -->
  <testcase classname="saurabhkumbhar.GroceryTrackerAdminPanel.User" name="testDietType" time="0.000">
    <skipped/>
  </testcase> <!-- testDietType -->
  <testcase classname="saurabhkumbhar.GroceryTrackerAdminPanel.User" name="testLikeCooking" time="0.000">
    <skipped/>
  </testcase> <!-- testLikeCooking -->
  <testcase classname="saurabhkumbhar.GroceryTrackerAdminPanel.User" name="testNumberOfChildren" time="0.000">
    <skipped/>
  </testcase> <!-- testNumberOfChildren -->
  <testcase classname="saurabhkumbhar.GroceryTrackerAdminPanel.User" name="testNumberOfAdults" time="0.000">
    <skipped/>
  </testcase> <!-- testNumberOfAdults -->
  <testcase classname="saurabhkumbhar.GroceryTrackerAdminPanel.User" name="testHoursSpentOnCooking" time="0.000">
    <skipped/>
  </testcase> <!-- testHoursSpentOnCooking -->
  <testcase classname="saurabhkumbhar.GroceryTrackerAdminPanel.User" name="testOnDiet" time="0.000">
    <skipped/>
  </testcase> <!-- testOnDiet -->
  <testcase classname="saurabhkumbhar.GroceryTrackerAdminPanel.User" name="testFamilyOnDiet" time="0.000">
    <skipped/>
  </testcase> <!-- testFamilyOnDiet -->
  <testcase classname="saurabhkumbhar.GroceryTrackerAdminPanel.User" name="testPreferredFood" time="0.000">
    <skipped/>
  </testcase> <!-- testPreferredFood -->
  <testcase classname="saurabhkumbhar.GroceryTrackerAdminPanel.User" name="testCreatedAtt" time="0.000">
    <skipped/>
  </testcase> <!-- testCreatedAtt -->
  <testcase classname="saurabhkumbhar.GroceryTrackerAdminPanel.User" name="EditUserDetail1" time="0.001">
    <skipped/>
  </testcase> <!-- EditUserDetail1 -->
</testsuite> <!-- saurabhkumbhar.GroceryTrackerAdminPanel.User -->
