<?xml version="1.0" encoding="UTF-8"?>
<!-- Generated by org.testng.reporters.JUnitReportReporter -->
<testsuite hostname="LAPTOP-QKCURUKN" failures="0" tests="1" name="saurabhkumbhar.GroceryTrackerAdminPanel.Products" time="9.524" errors="0" timestamp="2024-08-29T09:47:32 IST" skipped="0">
  <testcase classname="saurabhkumbhar.GroceryTrackerAdminPanel.Products" name="testSearchButtonVisibility" time="9.524"/>
</testsuite> <!-- saurabhkumbhar.GroceryTrackerAdminPanel.Products -->
