<?xml version="1.0" encoding="UTF-8"?>
<!-- Generated by org.testng.reporters.JUnitReportReporter -->
<testsuite hostname="LAPTOP-QKCURUKN" failures="0" tests="6" name="saurabhkumbhar.GroceryTrackerAdminPanel.Homepage" time="33.366" errors="0" timestamp="2024-08-28T22:54:38 IST" skipped="0">
  <testcase classname="saurabhkumbhar.GroceryTrackerAdminPanel.Homepage" name="Homepagedisplay" time="5.783"/>
  <testcase classname="saurabhkumbhar.GroceryTrackerAdminPanel.Homepage" name="testTotalUsersCard" time="5.327"/>
  <testcase classname="saurabhkumbhar.GroceryTrackerAdminPanel.Homepage" name="testTotalListsCard" time="6.920"/>
  <testcase classname="saurabhkumbhar.GroceryTrackerAdminPanel.Homepage" name="testTotalProductsCard" time="5.872"/>
  <testcase classname="saurabhkumbhar.GroceryTrackerAdminPanel.Homepage" name="testTotalSubscribedUsersCard" time="5.434"/>
  <testcase classname="saurabhkumbhar.GroceryTrackerAdminPanel.Homepage" name="testMoreInfoLinks" time="4.030"/>
</testsuite> <!-- saurabhkumbhar.GroceryTrackerAdminPanel.Homepage -->
