<?xml version="1.0" encoding="UTF-8"?>
<!-- Generated by org.testng.reporters.JUnitReportReporter -->
<testsuite hostname="LAPTOP-QKCURUKN" failures="0" tests="2" name="saurabhkumbhar.GroceryTrackerAdminPanel.Login" time="7.201" errors="0" timestamp="2024-08-28T22:54:38 IST" skipped="0">
  <testcase classname="saurabhkumbhar.GroceryTrackerAdminPanel.Login" name="Loginpagedisplay" time="2.565"/>
  <testcase classname="saurabhkumbhar.GroceryTrackerAdminPanel.Login" name="LoginWithInvalidDetails" time="4.636"/>
</testsuite> <!-- saurabhkumbhar.GroceryTrackerAdminPanel.Login -->
